app/build/outputs/logs/manifest-merger-debug-report.txt
-- Merging decision tree log ---
manifest
ADDED from src\main\AndroidManifest.xml:1:1-424:12
	package
		ADDED from src\main\AndroidManifest.xml:1:11-42
		INJECTED from src\main\AndroidManifest.xml
		INJECTED from src\main\AndroidManifest.xml
	android:versionName
		ADDED from src\main\AndroidManifest.xml:3:5-30
		INJECTED from src\main\AndroidManifest.xml
		INJECTED from src\main\AndroidManifest.xml
	android:versionCode
		ADDED from src\main\AndroidManifest.xml:2:5-28
		INJECTED from src\main\AndroidManifest.xml
		INJECTED from src\main\AndroidManifest.xml
	xmlns:android
		ADDED from src\main\AndroidManifest.xml:3:31-89
uses-sdk
ADDED from src\main\AndroidManifest.xml:5:5-73
MERGED from [com.android.support:multidex:1.0.0] AndroidManifest.xml:18:5-42
MERGED from [com.google.android.gms:play-services:11.0.4] AndroidManifest.xml:4:5-43
MERGED from [com.google.android.gms:play-services-ads:11.0.4] AndroidManifest.xml:17:5-43
MERGED from [com.google.android.gms:play-services-ads-lite:11.0.4] AndroidManifest.xml:22:5-43
MERGED from [com.google.android.gms:play-services-analytics:11.0.4] AndroidManifest.xml:17:5-43
MERGED from [com.google.android.gms:play-services-appinvite:11.0.4] AndroidManifest.xml:17:5-43
MERGED from [com.google.android.gms:play-services-auth-api-phone:11.0.4] AndroidManifest.xml:3:3-41
MERGED from [com.google.android.gms:play-services-auth:11.0.4] AndroidManifest.xml:17:5-43
MERGED from [com.google.android.gms:play-services-auth-base:11.0.4] AndroidManifest.xml:4:5-43
MERGED from [com.google.android.gms:play-services-cast-framework:11.0.4] AndroidManifest.xml:3:5-43
MERGED from [com.google.android.gms:play-services-cast:11.0.4] AndroidManifest.xml:17:5-43
MERGED from [com.android.support:mediarouter-v7:25.2.0] AndroidManifest.xml:20:5-43
MERGED from [com.android.support:appcompat-v7:25.2.0] AndroidManifest.xml:21:5-23:78
MERGED from [com.android.support:animated-vector-drawable:25.2.0] AndroidManifest.xml:20:5-44
MERGED from [com.android.support:support-vector-drawable:25.2.0] AndroidManifest.xml:21:5-43
MERGED from [com.android.support:palette-v7:25.2.0] AndroidManifest.xml:20:5-43
MERGED from [com.android.support:support-core-utils:25.2.0] AndroidManifest.xml:21:5-23:61
MERGED from [com.android.support:support-compat:25.2.0] AndroidManifest.xml:21:5-23:58
MERGED from [com.google.android.gms:play-services-clearcut:11.0.4] AndroidManifest.xml:17:5-43
MERGED from [com.google.firebase:firebase-config:11.0.4] AndroidManifest.xml:17:5-43
MERGED from [com.google.android.gms:play-services-awareness:11.0.4] AndroidManifest.xml:17:5-43
MERGED from [com.google.firebase:firebase-crash:11.0.4] AndroidManifest.xml:20:5-43
MERGED from [com.google.firebase:firebase-auth:11.0.4] AndroidManifest.xml:17:5-43
MERGED from [com.google.firebase:firebase-database:11.0.4] AndroidManifest.xml:3:5-43
MERGED from [com.google.firebase:firebase-database-connection:11.0.4] AndroidManifest.xml:3:5-43
MERGED from [com.google.firebase:firebase-dynamic-links:11.0.4] AndroidManifest.xml:3:3-41
MERGED from [com.google.firebase:firebase-messaging:11.0.4] AndroidManifest.xml:17:5-43
MERGED from [com.google.firebase:firebase-storage:11.0.4] AndroidManifest.xml:3:5-43
MERGED from [com.google.firebase:firebase-storage-common:11.0.4] AndroidManifest.xml:3:5-43
MERGED from [com.google.android.gms:play-services-fitness:11.0.4] AndroidManifest.xml:17:5-43
MERGED from [com.google.android.gms:play-services-games:11.0.4] AndroidManifest.xml:17:5-43
MERGED from [com.google.android.gms:play-services-drive:11.0.4] AndroidManifest.xml:17:5-43
MERGED from [com.google.android.gms:play-services-gass:11.0.4] AndroidManifest.xml:3:5-43
MERGED from [com.google.android.gms:play-services-gcm:11.0.4] AndroidManifest.xml:17:5-43
MERGED from [com.google.firebase:firebase-appindexing:11.0.4] AndroidManifest.xml:17:5-43
MERGED from [com.google.android.gms:play-services-iid:11.0.4] AndroidManifest.xml:17:5-43
MERGED from [com.google.android.gms:play-services-instantapps:11.0.4] AndroidManifest.xml:3:5-43
MERGED from [com.google.android.gms:play-services-location:11.0.4] AndroidManifest.xml:3:5-43
MERGED from [com.google.android.gms:play-services-nearby:11.0.4] AndroidManifest.xml:3:5-43
MERGED from [com.google.android.gms:play-services-panorama:11.0.4] AndroidManifest.xml:17:5-43
MERGED from [com.google.android.gms:play-services-places:11.0.4] AndroidManifest.xml:17:5-43
MERGED from [com.google.android.gms:play-services-plus:11.0.4] AndroidManifest.xml:17:5-43
MERGED from [com.google.android.gms:play-services-safetynet:11.0.4] AndroidManifest.xml:17:5-43
MERGED from [com.google.android.gms:play-services-tagmanager:11.0.4] AndroidManifest.xml:17:5-43
MERGED from [com.google.android.gms:play-services-tagmanager-api:11.0.4] AndroidManifest.xml:17:5-43
MERGED from [com.google.firebase:firebase-analytics:11.0.4] AndroidManifest.xml:17:5-43
MERGED from [com.google.firebase:firebase-analytics-impl:11.0.4] AndroidManifest.xml:17:5-43
MERGED from [com.google.firebase:firebase-iid:11.0.4] AndroidManifest.xml:17:5-43
MERGED from [com.google.firebase:firebase-common:11.0.4] AndroidManifest.xml:3:5-43
MERGED from [com.google.android.gms:play-services-tagmanager-v4-impl:11.0.4] AndroidManifest.xml:17:5-43
MERGED from [com.google.android.gms:play-services-analytics-impl:11.0.4] AndroidManifest.xml:17:5-43
MERGED from [com.google.android.gms:play-services-vision:11.0.4] AndroidManifest.xml:3:5-43
MERGED from [com.google.android.gms:play-services-vision-common:11.0.4] AndroidManifest.xml:3:5-43
MERGED from [com.google.android.gms:play-services-wallet:11.0.4] AndroidManifest.xml:18:5-43
MERGED from [com.google.android.gms:play-services-identity:11.0.4] AndroidManifest.xml:17:5-43
MERGED from [com.google.android.gms:play-services-maps:11.0.4] AndroidManifest.xml:23:5-43
MERGED from [com.google.android.gms:play-services-wearable:11.0.4] AndroidManifest.xml:17:5-43
MERGED from [com.google.android.gms:play-services-base:11.0.4] AndroidManifest.xml:17:5-43
MERGED from [com.google.android.gms:play-services-tasks:11.0.4] AndroidManifest.xml:3:5-43
MERGED from [com.google.android.gms:play-services-basement:11.0.4] AndroidManifest.xml:17:5-43
	tools:overrideLibrary
		ADDED from [com.android.support:appcompat-v7:25.2.0] AndroidManifest.xml:23:9-75
	android:targetSdkVersion
		ADDED from src\main\AndroidManifest.xml:5:42-71
		INJECTED from src\main\AndroidManifest.xml
		INJECTED from src\main\AndroidManifest.xml
	android:minSdkVersion
		ADDED from src\main\AndroidManifest.xml:5:15-41
		INJECTED from src\main\AndroidManifest.xml
		INJECTED from src\main\AndroidManifest.xml
uses-permission#android.permission.INTERNET
ADDED from src\main\AndroidManifest.xml:6:5-66
MERGED from [com.google.android.gms:play-services-ads-lite:11.0.4] AndroidManifest.xml:19:5-66
MERGED from [com.google.android.gms:play-services-analytics:11.0.4] AndroidManifest.xml:20:5-66
MERGED from [com.google.android.gms:play-services-appinvite:11.0.4] AndroidManifest.xml:18:5-66
MERGED from [com.google.firebase:firebase-crash:11.0.4] AndroidManifest.xml:18:5-66
MERGED from [com.google.android.gms:play-services-gcm:11.0.4] AndroidManifest.xml:21:5-66
MERGED from [com.google.android.gms:play-services-iid:11.0.4] AndroidManifest.xml:21:5-66
MERGED from [com.google.android.gms:play-services-tagmanager-api:11.0.4] AndroidManifest.xml:20:5-66
MERGED from [com.google.firebase:firebase-analytics:11.0.4] AndroidManifest.xml:20:5-66
MERGED from [com.google.firebase:firebase-analytics-impl:11.0.4] AndroidManifest.xml:20:5-66
MERGED from [com.google.firebase:firebase-iid:11.0.4] AndroidManifest.xml:20:5-66
MERGED from [com.google.android.gms:play-services-analytics-impl:11.0.4] AndroidManifest.xml:20:5-66
MERGED from [com.google.android.gms:play-services-maps:11.0.4] AndroidManifest.xml:20:5-66
	android:name
		ADDED from src\main\AndroidManifest.xml:6:22-64
uses-permission#android.permission.ACCESS_NETWORK_STATE
ADDED from src\main\AndroidManifest.xml:7:5-78
MERGED from [com.google.android.gms:play-services-ads-lite:11.0.4] AndroidManifest.xml:20:5-78
MERGED from [com.google.android.gms:play-services-analytics:11.0.4] AndroidManifest.xml:21:5-78
MERGED from [com.google.android.gms:play-services-nearby:11.0.4] AndroidManifest.xml:4:5-78
MERGED from [com.google.android.gms:play-services-tagmanager-api:11.0.4] AndroidManifest.xml:21:5-78
MERGED from [com.google.firebase:firebase-analytics:11.0.4] AndroidManifest.xml:21:5-78
MERGED from [com.google.firebase:firebase-analytics-impl:11.0.4] AndroidManifest.xml:21:5-78
MERGED from [com.google.firebase:firebase-iid:11.0.4] AndroidManifest.xml:19:5-78
MERGED from [com.google.android.gms:play-services-analytics-impl:11.0.4] AndroidManifest.xml:21:5-78
MERGED from [com.google.android.gms:play-services-maps:11.0.4] AndroidManifest.xml:19:5-78
	android:name
		ADDED from src\main\AndroidManifest.xml:7:22-76
uses-permission#android.permission.READ_EXTERNAL_STORAGE
ADDED from src\main\AndroidManifest.xml:8:5-80
	android:name
		ADDED from src\main\AndroidManifest.xml:8:22-77
uses-permission#android.permission.WRITE_EXTERNAL_STORAGE
ADDED from src\main\AndroidManifest.xml:9:5-81
	android:name
		ADDED from src\main\AndroidManifest.xml:9:22-78
uses-permission#android.permission.RECORD_AUDIO
ADDED from src\main\AndroidManifest.xml:10:5-70
	android:name
		ADDED from src\main\AndroidManifest.xml:10:22-68
uses-permission#com.android.vending.BILLING
ADDED from src\main\AndroidManifest.xml:11:5-67
	android:name
		ADDED from src\main\AndroidManifest.xml:11:22-64
uses-permission#android.permission.READ_INTERNAL_STORAGE
ADDED from src\main\AndroidManifest.xml:12:2-77
	android:name
		ADDED from src\main\AndroidManifest.xml:12:19-74
uses-permission#com.android.alarm.permission.SET_ALARM
ADDED from src\main\AndroidManifest.xml:14:5-78
	android:name
		ADDED from src\main\AndroidManifest.xml:14:22-75
uses-feature#android.permission.CAMERA
ADDED from src\main\AndroidManifest.xml:17:5-87
	android:required
		ADDED from src\main\AndroidManifest.xml:17:60-84
	android:name
		ADDED from src\main\AndroidManifest.xml:17:19-59
uses-feature#android.permission.CALL_PHONE
ADDED from src\main\AndroidManifest.xml:18:5-91
	android:required
		ADDED from src\main\AndroidManifest.xml:18:64-88
	android:name
		ADDED from src\main\AndroidManifest.xml:18:19-63
uses-feature#android.permission.SEND_SMS
ADDED from src\main\AndroidManifest.xml:19:5-89
	android:required
		ADDED from src\main\AndroidManifest.xml:19:62-86
	android:name
		ADDED from src\main\AndroidManifest.xml:19:19-61
uses-feature#android.hardware.camera
ADDED from src\main\AndroidManifest.xml:20:5-85
	android:required
		ADDED from src\main\AndroidManifest.xml:20:58-82
	android:name
		ADDED from src\main\AndroidManifest.xml:20:19-57
application
ADDED from src\main\AndroidManifest.xml:29:5-422:19
MERGED from [com.google.android.gms:play-services:11.0.4] AndroidManifest.xml:5:5-20
MERGED from [com.google.android.gms:play-services-ads-lite:11.0.4] AndroidManifest.xml:23:5-26:19
MERGED from [com.google.android.gms:play-services-analytics:11.0.4] AndroidManifest.xml:26:5-19
MERGED from [com.google.android.gms:play-services-appinvite:11.0.4] AndroidManifest.xml:19:5-26:19
MERGED from [com.google.android.gms:play-services-auth:11.0.4] AndroidManifest.xml:19:5-25:19
MERGED from [com.google.android.gms:play-services-cast-framework:11.0.4] AndroidManifest.xml:4:5-8:19
MERGED from [com.google.android.gms:play-services-cast:11.0.4] AndroidManifest.xml:18:5-19
MERGED from [com.android.support:mediarouter-v7:25.2.0] AndroidManifest.xml:22:5-20
MERGED from [com.android.support:appcompat-v7:25.2.0] AndroidManifest.xml:25:5-20
MERGED from [com.android.support:animated-vector-drawable:25.2.0] AndroidManifest.xml:22:5-20
MERGED from [com.android.support:support-vector-drawable:25.2.0] AndroidManifest.xml:23:5-20
MERGED from [com.android.support:palette-v7:25.2.0] AndroidManifest.xml:22:5-23:19
MERGED from [com.android.support:support-core-utils:25.2.0] AndroidManifest.xml:25:5-20
MERGED from [com.android.support:support-compat:25.2.0] AndroidManifest.xml:25:5-20
MERGED from [com.google.android.gms:play-services-clearcut:11.0.4] AndroidManifest.xml:18:5-19
MERGED from [com.google.firebase:firebase-config:11.0.4] AndroidManifest.xml:18:5-19
MERGED from [com.google.android.gms:play-services-awareness:11.0.4] AndroidManifest.xml:18:5-19
MERGED from [com.google.firebase:firebase-crash:11.0.4] AndroidManifest.xml:22:5-23:19
MERGED from [com.google.firebase:firebase-auth:11.0.4] AndroidManifest.xml:19:5-20:19
MERGED from [com.google.firebase:firebase-dynamic-links:11.0.4] AndroidManifest.xml:5:3-17
MERGED from [com.google.firebase:firebase-messaging:11.0.4] AndroidManifest.xml:19:5-29:19
MERGED from [com.google.android.gms:play-services-fitness:11.0.4] AndroidManifest.xml:18:5-19
MERGED from [com.google.android.gms:play-services-games:11.0.4] AndroidManifest.xml:18:5-19
MERGED from [com.google.android.gms:play-services-drive:11.0.4] AndroidManifest.xml:18:5-19
MERGED from [com.google.android.gms:play-services-gass:11.0.4] AndroidManifest.xml:4:5-19
MERGED from [com.google.android.gms:play-services-gcm:11.0.4] AndroidManifest.xml:23:5-19
MERGED from [com.google.firebase:firebase-appindexing:11.0.4] AndroidManifest.xml:18:5-19
MERGED from [com.google.android.gms:play-services-iid:11.0.4] AndroidManifest.xml:23:5-19
MERGED from [com.google.android.gms:play-services-location:11.0.4] AndroidManifest.xml:4:5-19
MERGED from [com.google.android.gms:play-services-nearby:11.0.4] AndroidManifest.xml:5:5-19
MERGED from [com.google.android.gms:play-services-panorama:11.0.4] AndroidManifest.xml:18:5-19
MERGED from [com.google.android.gms:play-services-places:11.0.4] AndroidManifest.xml:18:5-19
MERGED from [com.google.android.gms:play-services-plus:11.0.4] AndroidManifest.xml:18:5-19
MERGED from [com.google.android.gms:play-services-safetynet:11.0.4] AndroidManifest.xml:18:5-19
MERGED from [com.google.android.gms:play-services-tagmanager-api:11.0.4] AndroidManifest.xml:23:5-33:19
MERGED from [com.google.firebase:firebase-analytics:11.0.4] AndroidManifest.xml:24:5-34:19
MERGED from [com.google.firebase:firebase-analytics-impl:11.0.4] AndroidManifest.xml:24:5-28:19
MERGED from [com.google.firebase:firebase-iid:11.0.4] AndroidManifest.xml:28:5-49:19
MERGED from [com.google.firebase:firebase-common:11.0.4] AndroidManifest.xml:4:5-7:19
MERGED from [com.google.android.gms:play-services-tagmanager-v4-impl:11.0.4] AndroidManifest.xml:19:5-19
MERGED from [com.google.android.gms:play-services-analytics-impl:11.0.4] AndroidManifest.xml:26:5-19
MERGED from [com.google.android.gms:play-services-vision:11.0.4] AndroidManifest.xml:4:5-19
MERGED from [com.google.android.gms:play-services-vision-common:11.0.4] AndroidManifest.xml:4:5-19
MERGED from [com.google.android.gms:play-services-identity:11.0.4] AndroidManifest.xml:18:5-19
MERGED from [com.google.android.gms:play-services-maps:11.0.4] AndroidManifest.xml:24:5-19
MERGED from [com.google.android.gms:play-services-wearable:11.0.4] AndroidManifest.xml:18:5-19
MERGED from [com.google.android.gms:play-services-base:11.0.4] AndroidManifest.xml:18:5-20:19
MERGED from [com.google.android.gms:play-services-tasks:11.0.4] AndroidManifest.xml:4:5-19
MERGED from [com.google.android.gms:play-services-basement:11.0.4] AndroidManifest.xml:19:5-21:19
	android:label
		ADDED from src\main\AndroidManifest.xml:31:9-41
	android:allowBackup
		ADDED from src\main\AndroidManifest.xml:33:9-35
	android:icon
		ADDED from src\main\AndroidManifest.xml:30:9-45
	android:theme
		ADDED from src\main\AndroidManifest.xml:32:9-40
activity#org.botlibre.sdk.activity.MainActivity
ADDED from src\main\AndroidManifest.xml:42:9-50:20
	android:label
		ADDED from src\main\AndroidManifest.xml:44:13-38
	android:name
		ADDED from src\main\AndroidManifest.xml:43:13-66
intent-filter#android.intent.action.MAIN+android.intent.category.LAUNCHER
ADDED from src\main\AndroidManifest.xml:45:13-49:29
action#android.intent.action.MAIN
ADDED from src\main\AndroidManifest.xml:46:17-69
	android:name
		ADDED from src\main\AndroidManifest.xml:46:25-66
category#android.intent.category.LAUNCHER
ADDED from src\main\AndroidManifest.xml:48:17-77
	android:name
		ADDED from src\main\AndroidManifest.xml:48:27-74
activity#org.botlibre.sdk.activity.war.AboutActivity
ADDED from src\main\AndroidManifest.xml:51:9-58:20
	android:label
		ADDED from src\main\AndroidManifest.xml:53:13-34
	android:windowSoftInputMode
		ADDED from src\main\AndroidManifest.xml:54:13-54
	android:name
		ADDED from src\main\AndroidManifest.xml:52:13-71
meta-data#android.support.PARENT_ACTIVITY
ADDED from src\main\AndroidManifest.xml:55:13-57:74
	android:value
		ADDED from src\main\AndroidManifest.xml:57:17-71
	android:name
		ADDED from src\main\AndroidManifest.xml:56:17-63
activity#org.botlibre.sdk.activity.war.StartWarActivity
ADDED from src\main\AndroidManifest.xml:59:9-66:20
	android:label
		ADDED from src\main\AndroidManifest.xml:61:13-38
	android:windowSoftInputMode
		ADDED from src\main\AndroidManifest.xml:62:13-54
	android:name
		ADDED from src\main\AndroidManifest.xml:60:13-74
activity#org.botlibre.sdk.activity.war.WarActivity
ADDED from src\main\AndroidManifest.xml:67:9-74:20
	android:label
		ADDED from src\main\AndroidManifest.xml:69:13-38
	android:windowSoftInputMode
		ADDED from src\main\AndroidManifest.xml:70:13-54
	android:name
		ADDED from src\main\AndroidManifest.xml:68:13-69
activity#org.botlibre.sdk.activity.BrowseCategoriesActivity
ADDED from src\main\AndroidManifest.xml:75:9-82:20
	android:label
		ADDED from src\main\AndroidManifest.xml:77:13-46
	android:windowSoftInputMode
		ADDED from src\main\AndroidManifest.xml:78:13-54
	android:name
		ADDED from src\main\AndroidManifest.xml:76:13-78
activity#org.botlibre.sdk.activity.BrowseActivity
ADDED from src\main\AndroidManifest.xml:83:9-90:20
	android:label
		ADDED from src\main\AndroidManifest.xml:85:13-40
	android:windowSoftInputMode
		ADDED from src\main\AndroidManifest.xml:86:13-54
	android:name
		ADDED from src\main\AndroidManifest.xml:84:13-68
activity#org.botlibre.sdk.activity.script.BrowseScriptActivity
ADDED from src\main\AndroidManifest.xml:91:9-98:20
	android:label
		ADDED from src\main\AndroidManifest.xml:93:13-43
	android:windowSoftInputMode
		ADDED from src\main\AndroidManifest.xml:94:13-54
	android:name
		ADDED from src\main\AndroidManifest.xml:92:13-81
activity#org.botlibre.sdk.activity.BotScriptsActivity
ADDED from src\main\AndroidManifest.xml:99:9-106:20
	android:label
		ADDED from src\main\AndroidManifest.xml:101:13-40
	android:windowSoftInputMode
		ADDED from src\main\AndroidManifest.xml:102:13-54
	android:name
		ADDED from src\main\AndroidManifest.xml:100:13-72
activity#org.botlibre.sdk.activity.forum.BrowseForumActivity
ADDED from src\main\AndroidManifest.xml:107:9-114:20
	android:label
		ADDED from src\main\AndroidManifest.xml:109:13-42
	android:windowSoftInputMode
		ADDED from src\main\AndroidManifest.xml:110:13-54
	android:name
		ADDED from src\main\AndroidManifest.xml:108:13-79
activity#org.botlibre.sdk.activity.avatar.BrowseAvatarActivity
ADDED from src\main\AndroidManifest.xml:115:9-122:20
	android:label
		ADDED from src\main\AndroidManifest.xml:117:13-43
	android:windowSoftInputMode
		ADDED from src\main\AndroidManifest.xml:118:13-54
	android:name
		ADDED from src\main\AndroidManifest.xml:116:13-81
activity#org.botlibre.sdk.activity.forum.SearchPostsActivity
ADDED from src\main\AndroidManifest.xml:123:9-130:20
	android:label
		ADDED from src\main\AndroidManifest.xml:125:13-41
	android:windowSoftInputMode
		ADDED from src\main\AndroidManifest.xml:126:13-54
	android:name
		ADDED from src\main\AndroidManifest.xml:124:13-79
activity#org.botlibre.sdk.activity.issuetracker.SearchIssuesActivity
ADDED from src\main\AndroidManifest.xml:131:9-135:20
	android:label
		ADDED from src\main\AndroidManifest.xml:133:13-42
	android:windowSoftInputMode
		ADDED from src\main\AndroidManifest.xml:134:13-54
	android:name
		ADDED from src\main\AndroidManifest.xml:132:13-87
activity#org.botlibre.sdk.activity.livechat.BrowseChannelActivity
ADDED from src\main\AndroidManifest.xml:136:9-143:20
	android:label
		ADDED from src\main\AndroidManifest.xml:138:13-44
	android:windowSoftInputMode
		ADDED from src\main\AndroidManifest.xml:139:13-54
	android:name
		ADDED from src\main\AndroidManifest.xml:137:13-84
activity#org.botlibre.sdk.activity.script.ScriptSearchActivity
ADDED from src\main\AndroidManifest.xml:144:9-151:20
	android:label
		ADDED from src\main\AndroidManifest.xml:146:13-43
	android:windowSoftInputMode
		ADDED from src\main\AndroidManifest.xml:147:13-54
	android:name
		ADDED from src\main\AndroidManifest.xml:145:13-81
activity#org.botlibre.sdk.activity.BotSearchActivity
ADDED from src\main\AndroidManifest.xml:152:9-159:20
	android:label
		ADDED from src\main\AndroidManifest.xml:154:13-40
	android:windowSoftInputMode
		ADDED from src\main\AndroidManifest.xml:155:13-54
	android:name
		ADDED from src\main\AndroidManifest.xml:153:13-71
activity#org.botlibre.sdk.activity.forum.ForumSearchActivity
ADDED from src\main\AndroidManifest.xml:160:9-167:20
	android:label
		ADDED from src\main\AndroidManifest.xml:162:13-42
	android:windowSoftInputMode
		ADDED from src\main\AndroidManifest.xml:163:13-54
	android:name
		ADDED from src\main\AndroidManifest.xml:161:13-79
activity#org.botlibre.sdk.activity.avatar.AvatarSearchActivity
ADDED from src\main\AndroidManifest.xml:168:9-175:20
	android:label
		ADDED from src\main\AndroidManifest.xml:170:13-43
	android:windowSoftInputMode
		ADDED from src\main\AndroidManifest.xml:171:13-54
	android:name
		ADDED from src\main\AndroidManifest.xml:169:13-81
activity#org.botlibre.sdk.activity.forum.BrowsePostActivity
ADDED from src\main\AndroidManifest.xml:176:9-183:20
	android:label
		ADDED from src\main\AndroidManifest.xml:178:13-41
	android:windowSoftInputMode
		ADDED from src\main\AndroidManifest.xml:179:13-54
	android:name
		ADDED from src\main\AndroidManifest.xml:177:13-78
activity#org.botlibre.sdk.activity.issuetracker.BrowseIssueActivity
ADDED from src\main\AndroidManifest.xml:184:9-188:20
	android:label
		ADDED from src\main\AndroidManifest.xml:186:13-41
	android:windowSoftInputMode
		ADDED from src\main\AndroidManifest.xml:187:13-54
	android:name
		ADDED from src\main\AndroidManifest.xml:185:13-86
activity#org.botlibre.sdk.activity.livechat.ChannelSearchActivity
ADDED from src\main\AndroidManifest.xml:189:9-196:20
	android:label
		ADDED from src\main\AndroidManifest.xml:191:13-44
	android:windowSoftInputMode
		ADDED from src\main\AndroidManifest.xml:192:13-54
	android:name
		ADDED from src\main\AndroidManifest.xml:190:13-84
activity#org.botlibre.sdk.activity.DomainSearchActivity
ADDED from src\main\AndroidManifest.xml:197:9-204:20
	android:label
		ADDED from src\main\AndroidManifest.xml:199:13-43
	android:windowSoftInputMode
		ADDED from src\main\AndroidManifest.xml:200:13-54
	android:name
		ADDED from src\main\AndroidManifest.xml:198:13-74
activity#org.botlibre.sdk.activity.BrowseDomainActivity
ADDED from src\main\AndroidManifest.xml:205:9-212:20
	android:label
		ADDED from src\main\AndroidManifest.xml:207:13-43
	android:windowSoftInputMode
		ADDED from src\main\AndroidManifest.xml:208:13-54
	android:name
		ADDED from src\main\AndroidManifest.xml:206:13-74
activity#org.botlibre.sdk.activity.ChatActivity
ADDED from src\main\AndroidManifest.xml:213:9-222:20
	android:label
		ADDED from src\main\AndroidManifest.xml:215:13-33
	android:windowSoftInputMode
		ADDED from src\main\AndroidManifest.xml:216:13-54
	android:configChanges
		ADDED from src\main\AndroidManifest.xml:217:13-74
	android:name
		ADDED from src\main\AndroidManifest.xml:214:13-66
activity#org.botlibre.sdk.activity.CreateBotActivity
ADDED from src\main\AndroidManifest.xml:223:9-230:20
	android:label
		ADDED from src\main\AndroidManifest.xml:225:13-39
	android:windowSoftInputMode
		ADDED from src\main\AndroidManifest.xml:226:13-54
	android:name
		ADDED from src\main\AndroidManifest.xml:224:13-71
activity#org.botlibre.sdk.activity.EditBotActivity
ADDED from src\main\AndroidManifest.xml:231:9-238:20
	android:label
		ADDED from src\main\AndroidManifest.xml:233:13-37
	android:windowSoftInputMode
		ADDED from src\main\AndroidManifest.xml:234:13-54
	android:name
		ADDED from src\main\AndroidManifest.xml:232:13-69
activity#org.botlibre.sdk.activity.script.EditScriptActivity
ADDED from src\main\AndroidManifest.xml:239:9-246:20
	android:label
		ADDED from src\main\AndroidManifest.xml:241:13-40
	android:windowSoftInputMode
		ADDED from src\main\AndroidManifest.xml:242:13-54
	android:name
		ADDED from src\main\AndroidManifest.xml:240:13-79
activity#org.botlibre.sdk.activity.avatar.CreateAvatarActivity
ADDED from src\main\AndroidManifest.xml:247:9-254:20
	android:label
		ADDED from src\main\AndroidManifest.xml:249:13-42
	android:windowSoftInputMode
		ADDED from src\main\AndroidManifest.xml:250:13-54
	android:name
		ADDED from src\main\AndroidManifest.xml:248:13-81
activity#org.botlibre.sdk.activity.script.CreateScriptActivity
ADDED from src\main\AndroidManifest.xml:255:9-262:20
	android:label
		ADDED from src\main\AndroidManifest.xml:257:13-42
	android:windowSoftInputMode
		ADDED from src\main\AndroidManifest.xml:258:13-54
	android:name
		ADDED from src\main\AndroidManifest.xml:256:13-81
activity#org.botlibre.sdk.activity.forum.CreateForumActivity
ADDED from src\main\AndroidManifest.xml:263:9-270:20
	android:label
		ADDED from src\main\AndroidManifest.xml:265:13-41
	android:windowSoftInputMode
		ADDED from src\main\AndroidManifest.xml:266:13-54
	android:name
		ADDED from src\main\AndroidManifest.xml:264:13-79
activity#org.botlibre.sdk.activity.forum.CreateForumPostActivity
ADDED from src\main\AndroidManifest.xml:271:9-278:20
	android:label
		ADDED from src\main\AndroidManifest.xml:273:13-37
	android:windowSoftInputMode
		ADDED from src\main\AndroidManifest.xml:274:13-54
	android:name
		ADDED from src\main\AndroidManifest.xml:272:13-83
activity#org.botlibre.sdk.activity.forum.CreateReplyActivity
ADDED from src\main\AndroidManifest.xml:279:9-286:20
	android:label
		ADDED from src\main\AndroidManifest.xml:281:13-34
	android:windowSoftInputMode
		ADDED from src\main\AndroidManifest.xml:282:13-54
	android:name
		ADDED from src\main\AndroidManifest.xml:280:13-79
activity#org.botlibre.sdk.activity.forum.EditForumPostActivity
ADDED from src\main\AndroidManifest.xml:287:9-294:20
	android:label
		ADDED from src\main\AndroidManifest.xml:289:13-38
	android:windowSoftInputMode
		ADDED from src\main\AndroidManifest.xml:290:13-54
	android:name
		ADDED from src\main\AndroidManifest.xml:288:13-81
activity#org.botlibre.sdk.activity.forum.EditForumActivity
ADDED from src\main\AndroidManifest.xml:295:9-302:20
	android:label
		ADDED from src\main\AndroidManifest.xml:297:13-39
	android:windowSoftInputMode
		ADDED from src\main\AndroidManifest.xml:298:13-54
	android:name
		ADDED from src\main\AndroidManifest.xml:296:13-77
activity#org.botlibre.sdk.activity.issuetracker.CreateIssueActivity
ADDED from src\main\AndroidManifest.xml:303:9-307:20
	android:label
		ADDED from src\main\AndroidManifest.xml:305:13-38
	android:windowSoftInputMode
		ADDED from src\main\AndroidManifest.xml:306:13-54
	android:name
		ADDED from src\main\AndroidManifest.xml:304:13-86
activity#org.botlibre.sdk.activity.issuetracker.EditIssueActivity
ADDED from src\main\AndroidManifest.xml:308:9-312:20
	android:label
		ADDED from src\main\AndroidManifest.xml:310:13-39
	android:windowSoftInputMode
		ADDED from src\main\AndroidManifest.xml:311:13-54
	android:name
		ADDED from src\main\AndroidManifest.xml:309:13-84
activity#org.botlibre.sdk.activity.script.ScriptEditorActivity
ADDED from src\main\AndroidManifest.xml:313:9-320:20
	android:label
		ADDED from src\main\AndroidManifest.xml:315:13-47
	android:windowSoftInputMode
		ADDED from src\main\AndroidManifest.xml:316:13-54
	android:name
		ADDED from src\main\AndroidManifest.xml:314:13-81
activity#org.botlibre.sdk.activity.BotScriptEditorActivity
ADDED from src\main\AndroidManifest.xml:321:9-328:20
	android:label
		ADDED from src\main\AndroidManifest.xml:323:13-51
	android:windowSoftInputMode
		ADDED from src\main\AndroidManifest.xml:324:13-54
	android:name
		ADDED from src\main\AndroidManifest.xml:322:13-77
activity#org.botlibre.sdk.activity.avatar.EditAvatarActivity
ADDED from src\main\AndroidManifest.xml:329:9-336:20
	android:label
		ADDED from src\main\AndroidManifest.xml:331:13-40
	android:windowSoftInputMode
		ADDED from src\main\AndroidManifest.xml:332:13-54
	android:name
		ADDED from src\main\AndroidManifest.xml:330:13-79
activity#org.botlibre.sdk.activity.livechat.CreateChannelActivity
ADDED from src\main\AndroidManifest.xml:337:9-344:20
	android:label
		ADDED from src\main\AndroidManifest.xml:339:13-43
	android:windowSoftInputMode
		ADDED from src\main\AndroidManifest.xml:340:13-54
	android:name
		ADDED from src\main\AndroidManifest.xml:338:13-84
activity#org.botlibre.sdk.activity.livechat.EditChannelActivity
ADDED from src\main\AndroidManifest.xml:345:9-352:20
	android:label
		ADDED from src\main\AndroidManifest.xml:347:13-41
	android:windowSoftInputMode
		ADDED from src\main\AndroidManifest.xml:348:13-54
	android:name
		ADDED from src\main\AndroidManifest.xml:346:13-82
activity#org.botlibre.sdk.activity.CreateDomainActivity
ADDED from src\main\AndroidManifest.xml:353:9-360:20
	android:label
		ADDED from src\main\AndroidManifest.xml:355:13-42
	android:windowSoftInputMode
		ADDED from src\main\AndroidManifest.xml:356:13-54
	android:name
		ADDED from src\main\AndroidManifest.xml:354:13-74
activity#org.botlibre.sdk.activity.EditDomainActivity
ADDED from src\main\AndroidManifest.xml:361:9-368:20
	android:label
		ADDED from src\main\AndroidManifest.xml:363:13-40
	android:windowSoftInputMode
		ADDED from src\main\AndroidManifest.xml:364:13-54
	android:name
		ADDED from src\main\AndroidManifest.xml:362:13-72